<?xml version="1.0" encoding="UTF-8"?>
<!-- Generated by org.testng.reporters.JUnitReportReporter -->
<testsuite hostname="AD01135640" name="music_02_MyMusic.Test_04_음악검색히스토리" tests="1" failures="1" timestamp="26 Aug 2016 07:18:30 GMT" time="53.025" errors="0">
  <testcase name="음악검색_히스토리_테스트" time="53.025" classname="music_02_MyMusic.Test_04_음악검색히스토리">
    <failure type="org.openqa.selenium.NoSuchElementException" message="An element could not be located on the page using the given search parameters. (WARNING: The server did not provide any stacktrace information)
Command duration or timeout: 15.44 seconds
For documentation on this error, please visit: http://seleniumhq.org/exceptions/no_such_element.html
Build info: version: &#039;2.45.0&#039;, revision: &#039;5017cb8&#039;, time: &#039;2015-02-26 23:59:50&#039;
System info: host: &#039;AD01135640&#039;, ip: &#039;10.12.54.26&#039;, os.name: &#039;Windows 7&#039;, os.arch: &#039;amd64&#039;, os.version: &#039;6.1&#039;, java.version: &#039;1.8.0_60&#039;
Driver info: io.appium.java_client.android.AndroidDriver
Capabilities [{app=C:\Users\NAVER\git\MusicAndroidApp\musicapp\App\Music_3.3.4-release.apk, networkConnectionEnabled=true, warnings={}, apppackage=com.nhn.android.music, databaseEnabled=false, deviceName=43000c0291c330a5, platform=LINUX, desired={app=C:\Users\NAVER\git\MusicAndroidApp\musicapp\App\Music_3.3.4-release.apk, platformVersion=4.4.2, apppackage=com.nhn.android.music, platformName=Android, deviceName=43000c0291c330a5}, platformVersion=4.4.2, webStorageEnabled=false, locationContextEnabled=false, takesScreenshot=true, javascriptEnabled=true, platformName=Android}]
Session ID: e604f16b-3042-407a-8be4-f47c07df421a
*** Element info: {Using=xpath, value=//android.widget.TextView[@text=&#039;전체선택&#039;]}">
      <![CDATA[org.openqa.selenium.NoSuchElementException: An element could not be located on the page using the given search parameters. (WARNING: The server did not provide any stacktrace information)
Command duration or timeout: 15.44 seconds
For documentation on this error, please visit: http://seleniumhq.org/exceptions/no_such_element.html
Build info: version: '2.45.0', revision: '5017cb8', time: '2015-02-26 23:59:50'
System info: host: 'AD01135640', ip: '10.12.54.26', os.name: 'Windows 7', os.arch: 'amd64', os.version: '6.1', java.version: '1.8.0_60'
Driver info: io.appium.java_client.android.AndroidDriver
Capabilities [{app=C:\Users\NAVER\git\MusicAndroidApp\musicapp\App\Music_3.3.4-release.apk, networkConnectionEnabled=true, warnings={}, apppackage=com.nhn.android.music, databaseEnabled=false, deviceName=43000c0291c330a5, platform=LINUX, desired={app=C:\Users\NAVER\git\MusicAndroidApp\musicapp\App\Music_3.3.4-release.apk, platformVersion=4.4.2, apppackage=com.nhn.android.music, platformName=Android, deviceName=43000c0291c330a5}, platformVersion=4.4.2, webStorageEnabled=false, locationContextEnabled=false, takesScreenshot=true, javascriptEnabled=true, platformName=Android}]
Session ID: e604f16b-3042-407a-8be4-f47c07df421a
*** Element info: {Using=xpath, value=//android.widget.TextView[@text='전체선택']}
	at sun.reflect.NativeConstructorAccessorImpl.newInstance0(Native Method)
	at sun.reflect.NativeConstructorAccessorImpl.newInstance(NativeConstructorAccessorImpl.java:62)
	at sun.reflect.DelegatingConstructorAccessorImpl.newInstance(DelegatingConstructorAccessorImpl.java:45)
	at java.lang.reflect.Constructor.newInstance(Constructor.java:422)
	at org.openqa.selenium.remote.ErrorHandler.createThrowable(ErrorHandler.java:204)
	at org.openqa.selenium.remote.ErrorHandler.throwIfResponseFailed(ErrorHandler.java:156)
	at org.openqa.selenium.remote.RemoteWebDriver.execute(RemoteWebDriver.java:599)
	at io.appium.java_client.AppiumDriver.execute(AppiumDriver.java:180)
	at org.openqa.selenium.remote.RemoteWebDriver.findElement(RemoteWebDriver.java:352)
	at org.openqa.selenium.remote.RemoteWebDriver.findElementByXPath(RemoteWebDriver.java:449)
	at music_00_Reference.Utilites.툴박스_재생목록(Utilites.java:240)
	at music_02_MyMusic.Test_04_음악검색히스토리.음악검색_히스토리_테스트(Test_04_음악검색히스토리.java:39)
	at sun.reflect.NativeMethodAccessorImpl.invoke0(Native Method)
	at sun.reflect.NativeMethodAccessorImpl.invoke(NativeMethodAccessorImpl.java:62)
	at sun.reflect.DelegatingMethodAccessorImpl.invoke(DelegatingMethodAccessorImpl.java:43)
	at java.lang.reflect.Method.invoke(Method.java:497)
	at org.testng.internal.MethodInvocationHelper.invokeMethod(MethodInvocationHelper.java:84)
	at org.testng.internal.Invoker.invokeMethod(Invoker.java:714)
	at org.testng.internal.Invoker.invokeTestMethod(Invoker.java:901)
	at org.testng.internal.Invoker.invokeTestMethods(Invoker.java:1231)
	at org.testng.internal.TestMethodWorker.invokeTestMethods(TestMethodWorker.java:127)
	at org.testng.internal.TestMethodWorker.run(TestMethodWorker.java:111)
	at org.testng.TestRunner.privateRun(TestRunner.java:767)
	at org.testng.TestRunner.run(TestRunner.java:617)
	at org.testng.SuiteRunner.runTest(SuiteRunner.java:334)
	at org.testng.SuiteRunner.runSequentially(SuiteRunner.java:329)
	at org.testng.SuiteRunner.privateRun(SuiteRunner.java:291)
	at org.testng.SuiteRunner.run(SuiteRunner.java:240)
	at org.testng.SuiteRunnerWorker.runSuite(SuiteRunnerWorker.java:52)
	at org.testng.SuiteRunnerWorker.run(SuiteRunnerWorker.java:86)
	at org.testng.TestNG.runSuitesSequentially(TestNG.java:1224)
	at org.testng.TestNG.runSuitesLocally(TestNG.java:1149)
	at org.testng.TestNG.run(TestNG.java:1057)
	at org.testng.remote.RemoteTestNG.run(RemoteTestNG.java:111)
	at org.testng.remote.RemoteTestNG.initAndRun(RemoteTestNG.java:204)
	at org.testng.remote.RemoteTestNG.main(RemoteTestNG.java:175)
]]>
    </failure>
  </testcase> <!-- 음악검색_히스토리_테스트 -->
</testsuite> <!-- music_02_MyMusic.Test_04_음악검색히스토리 -->
